<?xml version="1.0" encoding="UTF-8"?>
<testsuite xmlns:xsi="http://www.w3.org/2001/XMLSchema-instance" xsi:noNamespaceSchemaLocation="https://maven.apache.org/surefire/maven-surefire-plugin/xsd/surefire-test-report-3.0.xsd" version="3.0" name="com.checkr.interviews.FundingRaisedTest" time="0.049" tests="11" errors="0" skipped="0" failures="0">
  <properties>
[...]
</properties>
  <testcase name="testWhereGivenCompany" classname="com.checkr.interviews.FundingRaisedTest" time="0.01"/>
  <testcase name="testWhereGivenCity" classname="com.checkr.interviews.FundingRaisedTest" time="0.003"/>
  <testcase name="testWhereGivenState" classname="com.checkr.interviews.FundingRaisedTest" time="0.004"/>
  <testcase name="testWhereGivenRound" classname="com.checkr.interviews.FundingRaisedTest" time="0.003"/>
  <testcase name="testMultipleOptions" classname="com.checkr.interviews.FundingRaisedTest" time="0.003"/>
  <testcase name="testWhereNotExists" classname="com.checkr.interviews.FundingRaisedTest" time="0.003"/>
  <testcase name="testWhereCorrectKeys" classname="com.checkr.interviews.FundingRaisedTest" time="0.003"/>
  <testcase name="testFindByGivenCompanyName" classname="com.checkr.interviews.FundingRaisedTest" time="0.003"/>
  <testcase name="testFindByGivenState" classname="com.checkr.interviews.FundingRaisedTest" time="0.002"/>
  <testcase name="testFindByMultipleOptions" classname="com.checkr.interviews.FundingRaisedTest" time="0.002"/>
  <testcase name="testFindByNotExists" classname="com.checkr.interviews.FundingRaisedTest" time="0.003"/>
</testsuite>